C51 COMPILER V9.00   RECEIVE                                                               07/20/2020 11:26:52 PAGE 1   


C51 COMPILER V9.00, COMPILATION OF MODULE RECEIVE
OBJECT MODULE PLACED IN receive.OBJ
COMPILER INVOKED BY: E:\keil\C51\BIN\C51.EXE receive.c BROWSE DEBUG OBJECTEXTEND TABS(2)

line level    source

   1          #include"reg51.h"
   2          #include"lcd1602.h"
   3          unsigned char flag=0,count=0;
   4          unsigned char recdat[12]={0};
   5          unsigned char str[]={"Received Data:"};
   6          
   7          void initscon()
   8          {
   9   1        SCON=0x50; //0101 0000
  10   1        TMOD=0x20; //0010 0000
  11   1        TH1=256-3;
  12   1        TL1=256-3;
  13   1        ES=1;
  14   1        EA=1;
  15   1        TR1=1;
  16   1      }
  17          
  18          void display()
  19          {
  20   1        unsigned char i=0,j=0;
  21   1        writecom(0x80);
  22   1        delay(5);
  23   1        for(i=0;i<15;i++)
  24   1        {
  25   2          writedat(str[i]);
  26   2          delay(5);
  27   2        }
  28   1        if(flag==1)
  29   1        {
  30   2          writecom(0x80+0x40);
  31   2          delay(5);
  32   2          for(j=0;j<count;j++)
  33   2          {
  34   3            writedat(recdat[j]);
  35   3            delay(5);
  36   3          }
  37   2          count=0;
  38   2          flag=0;
  39   2        }
  40   1      }
  41            
  42          void main()
  43          {
  44   1        initscon();
  45   1        initlcd();
  46   1        while(1)
  47   1        {
  48   2          display();
  49   2        }
  50   1      }
  51            
  52          void scon_isr() interrupt 4
  53          {
  54   1        recdat[count++]=SBUF;
  55   1        RI=0;
C51 COMPILER V9.00   RECEIVE                                                               07/20/2020 11:26:52 PAGE 2   

  56   1        flag=1;
  57   1      }


MODULE INFORMATION:   STATIC OVERLAYABLE
   CODE SIZE        =    166    ----
   CONSTANT SIZE    =   ----    ----
   XDATA SIZE       =   ----    ----
   PDATA SIZE       =   ----    ----
   DATA SIZE        =     29       2
   IDATA SIZE       =   ----    ----
   BIT SIZE         =   ----    ----
END OF MODULE INFORMATION.


C51 COMPILATION COMPLETE.  0 WARNING(S),  0 ERROR(S)
