C51 COMPILER V9.59.0.0   PROJECT                                                           04/17/2022 20:41:59 PAGE 1   


C51 COMPILER V9.59.0.0, COMPILATION OF MODULE PROJECT
OBJECT MODULE PLACED IN .\Objects\Project.obj
COMPILER INVOKED BY: C:\Program Files\MDK\C51\BIN\C51.EXE Project.c OPTIMIZE(8,SPEED) BROWSE DEBUG OBJECTEXTEND PRINT(.\
                    -Listings\Project.lst) TABS(2) OBJECT(.\Objects\Project.obj)

line level    source

   1          /**
   2          Title:DS18B20芯片
   3          Authors:DDH-qiu
   4          Date:2022-4-17
   5          Abstract:温度测量
   6          **/
   7          #include"reg51.h"
   8          unsigned int readtemp=0;
   9          unsigned char str[]={"0123456789"};
  10          unsigned char s[]={"Temperature:"};
  11          sbit RS=P3^0;
  12          sbit RW=P3^1;
  13          sbit E=P3^2;
  14          sbit DQ=P3^3;
  15          
  16          //延时
  17          void delay_18B20(unsigned int i)
  18          {
  19   1        for(i;i>0;i--);
  20   1      }
  21          
  22          //初始化DS18B20
  23          void Init_DS18B20(void)
  24          {
  25   1        unsigned char x=0;
  26   1        DQ=1;
  27   1        delay_18B20(8);
  28   1        DQ=0;
  29   1        delay_18B20(80);
  30   1        DQ=1;
  31   1        delay_18B20(14);
  32   1        x=DQ;
  33   1        delay_18B20(20);
  34   1      }
  35          //写时序
  36          void WriteOneChar(unsigned char dat)
  37          {
  38   1        unsigned char i=0;
  39   1        for(i=8;i>0;i--)
  40   1        {
  41   2          DQ=0;
  42   2          DQ=dat&0x01;
  43   2          if(DQ)
  44   2          {
  45   3            delay_18B20(1);
  46   3            DQ=1;
  47   3          }
  48   2          else
  49   2          {
  50   3            delay_18B20(5);
  51   3            DQ=1;
  52   3          }
  53   2          dat>>=1;
  54   2        }
C51 COMPILER V9.59.0.0   PROJECT                                                           04/17/2022 20:41:59 PAGE 2   

  55   1      }
  56          
  57          //读时序
  58          unsigned char ReadOneChar(void)
  59          {
  60   1        unsigned char i=0;
  61   1        unsigned char dat=0;
  62   1        for(i=8;i>0;i--)
  63   1        {
  64   2          DQ=0;
  65   2          dat>>=1;
  66   2          DQ=1;
  67   2          if(DQ)
  68   2          dat |=0x80;
  69   2          delay_18B20(4);
  70   2        }
  71   1        return(dat);
  72   1      }
  73          //读温度
  74          unsigned char ReadTemperature(void)
  75          {
  76   1        unsigned int temp=0;
  77   1        unsigned char a=0,b=0;
  78   1        Init_DS18B20();
  79   1        WriteOneChar(0xcc);
  80   1        WriteOneChar(0x44);
  81   1        delay_18B20(100);
  82   1        Init_DS18B20();
  83   1        WriteOneChar(0xcc);
  84   1        WriteOneChar(0xbe);
  85   1        delay_18B20(100);
  86   1        a=ReadOneChar();
  87   1        b=ReadOneChar();
  88   1        temp=((b*256+a)>>4);
  89   1        return(temp);
  90   1      }
  91          
  92          //延时子程序
  93          void delay(unsigned int t)
  94          {
  95   1        unsigned int i=0,j=0;
  96   1        for(i=0;i<t;i++)
  97   1        {
  98   2          for(j=0;j<120;j++);
  99   2        }
 100   1      }
 101          
 102          //写指令码
 103          void writecom(unsigned char com)
 104          {
 105   1        RS=0;
 106   1        RW=0;
 107   1        E=0;
 108   1        P1=com;
 109   1        delay(5);
 110   1        E=1;
 111   1        E=0;
 112   1      }
 113          
 114          //写数据
 115          void writedat(unsigned char dat)
 116          {
C51 COMPILER V9.59.0.0   PROJECT                                                           04/17/2022 20:41:59 PAGE 3   

 117   1        RS=1;
 118   1        RW=0;
 119   1        E=0;
 120   1        P1=dat;
 121   1        delay(5);
 122   1        E=1;
 123   1        E=0;
 124   1      }
 125          
 126          //lcd初始化设置
 127          void init_lcd()
 128          {
 129   1        writecom(0x38);//设置16x2显示，5x7点阵，8位数据接口
 130   1        writecom(0x0c);//设置开显示，不显示光标
 131   1        writecom(0x06);//写一个字符后地址指针加1
 132   1        writecom(0x01);//显示清0，数据指针清0
 133   1      }
 134          //显示函数
 135          void display()
 136          {
 137   1        unsigned char temp0=0,temp1=0,temp2=0,i=0;
 138   1        temp0=readtemp/100;
 139   1        temp1=(readtemp%100)/10;
 140   1        temp2=readtemp%10;
 141   1      
 142   1        writecom(0x80);
 143   1        while (s[i]!='\0')
 144   1        {
 145   2          writedat(s[i]);
 146   2          i++;
 147   2        }
 148   1        
 149   1        writecom(0x80+0x40);
 150   1        delay(5);
 151   1        writedat(str[temp0]);
 152   1        delay(5);
 153   1        writedat(str[temp1]);
 154   1        delay(5);
 155   1        writedat(str[temp2]);
 156   1        delay(5);
 157   1        writedat(0xdf);
 158   1        delay(5);
 159   1        writedat('C');
 160   1        delay(5);
 161   1      }
 162          
 163          void main()
 164          {
 165   1        init_lcd();
 166   1        while(1)
 167   1        {
 168   2          readtemp=ReadTemperature();
 169   2          display();
 170   2        }
 171   1      }


MODULE INFORMATION:   STATIC OVERLAYABLE
   CODE SIZE        =    441    ----
   CONSTANT SIZE    =   ----    ----
   XDATA SIZE       =   ----    ----
   PDATA SIZE       =   ----    ----
C51 COMPILER V9.59.0.0   PROJECT                                                           04/17/2022 20:41:59 PAGE 4   

   DATA SIZE        =     26       3
   IDATA SIZE       =   ----    ----
   BIT SIZE         =   ----    ----
END OF MODULE INFORMATION.


C51 COMPILATION COMPLETE.  0 WARNING(S),  0 ERROR(S)
