C51 COMPILER V9.59.0.0   PROJECT                                                           04/16/2022 18:55:30 PAGE 1   


C51 COMPILER V9.59.0.0, COMPILATION OF MODULE PROJECT
OBJECT MODULE PLACED IN .\Objects\Project.obj
COMPILER INVOKED BY: C:\Program Files\MDK\C51\BIN\C51.EXE Project.c OPTIMIZE(8,SPEED) BROWSE DEBUG OBJECTEXTEND PRINT(.\
                    -Listings\Project.lst) TABS(2) OBJECT(.\Objects\Project.obj)

line level    source

   1          /**
   2          Title:DA转换
   3          Authors:DDH-qiu
   4          Date:2022-4-16
   5          Abstract:DA转换输出正弦波
   6          **/
   7          #include"reg51.h"
   8          #define uint unsigned int
   9          sbit key0=P1^0;
  10          sbit key1=P1^1;
  11          uint value=500;
  12          uint flag=0;
  13          code uint sin[256]={ 
  14          0x80, 0x83, 0x86, 0x89, 0x8c, 0x8f, 0x92, 0x95,        
  15          0x98, 0x9c, 0x9f, 0xa2, 0xa5, 0xa8, 0xab, 0xae,       
  16          0xb0, 0xb3, 0xb6, 0xb9, 0xbc, 0xbf, 0xc1, 0xc4,       
  17          0xc7, 0xc9, 0xcc, 0xce, 0xd1, 0xd3, 0xd5, 0xd8,       
  18          0xda, 0xdc, 0xde, 0xe0, 0xe2, 0xe4, 0xe6, 0xe8,       
  19          0xea, 0xec, 0xed, 0xef, 0xf0, 0xf2, 0xf3, 0xf4,       
  20          0xf6, 0xf7, 0xf8, 0xf9, 0xfa, 0xfb, 0xfc, 0xfc,       
  21          0xfd, 0xfe, 0xfe, 0xff, 0xff, 0xff, 0xff, 0xff,       
  22          0xff, 0xff, 0xff, 0xff, 0xff, 0xff, 0xfe, 0xfe,       
  23          0xfd, 0xfc, 0xfc, 0xfb, 0xfa, 0xf9, 0xf8, 0xf7,       
  24          0xf6, 0xf5, 0xf3, 0xf2, 0xf0, 0xef, 0xed, 0xec, 
  25          0xea, 0xe8, 0xe6, 0xe4, 0xe3, 0xe1, 0xde, 0xdc,       
  26          0xda, 0xd8, 0xd6, 0xd3, 0xd1, 0xce, 0xcc, 0xc9,       
  27          0xc7, 0xc4, 0xc1, 0xbf, 0xbc, 0xb9, 0xb6, 0xb4,       
  28          0xb1, 0xae, 0xab, 0xa8, 0xa5, 0xa2, 0x9f, 0x9c,       
  29          0x99, 0x96, 0x92, 0x8f, 0x8c, 0x89, 0x86, 0x83,       
  30          0x80, 0x7d, 0x79, 0x76, 0x73, 0x70, 0x6d, 0x6a,       
  31          0x67, 0x64, 0x61, 0x5e, 0x5b, 0x58, 0x55, 0x52,       
  32          0x4f, 0x4c, 0x49, 0x46, 0x43, 0x41, 0x3e, 0x3b,       
  33          0x39, 0x36, 0x33, 0x31, 0x2e, 0x2c, 0x2a, 0x27,       
  34          0x25, 0x23, 0x21, 0x1f, 0x1d, 0x1b, 0x19, 0x17,       
  35          0x15, 0x14, 0x12, 0x10, 0x0f, 0x0d, 0x0c, 0x0b,       
  36          0x09, 0x08, 0x07, 0x06, 0x05, 0x04, 0x03, 0x03,       
  37          0x02, 0x01, 0x01, 0x00, 0x00, 0x00, 0x00, 0x00,       
  38          0x00, 0x00, 0x00, 0x00, 0x00, 0x00, 0x01, 0x01,       
  39          0x02, 0x03, 0x03, 0x04, 0x05, 0x06, 0x07, 0x08,       
  40          0x09, 0x0a, 0x0c, 0x0d, 0x0e, 0x10, 0x12, 0x13,       
  41          0x15, 0x17, 0x18, 0x1a, 0x1c, 0x1e, 0x20, 0x23,       
  42          0x25, 0x27, 0x29, 0x2c, 0x2e, 0x30, 0x33, 0x35,       
  43          0x38, 0x3b, 0x3d, 0x40, 0x43, 0x46, 0x48, 0x4b,       
  44          0x4e, 0x51, 0x54, 0x57, 0x5a, 0x5d, 0x60, 0x63,       
  45          0x66, 0x69, 0x6c, 0x6f, 0x73, 0x76, 0x79, 0x7c, };//code数据量过大解决,不占用存储器空间
  46          
  47          
  48          void delay(uint n)
  49          {
  50   1        uint i=0,j=0;
  51   1        for(i=0;i<n;i++)
  52   1        {
  53   2          for(j=0;j<120;j++);
  54   2        }
C51 COMPILER V9.59.0.0   PROJECT                                                           04/16/2022 18:55:30 PAGE 2   

  55   1      }
  56          
  57          void key()
  58          {
  59   1        if(flag==0&&key0==0)
  60   1        {
  61   2          flag=1;
  62   2        }
  63   1        if(flag==1&&key0==1)
  64   1        {
  65   2          value=value+50;
  66   2          flag=0;
  67   2        }
  68   1      
  69   1      
  70   1        if(flag==0&&key1==0)
  71   1        {
  72   2          flag=1;
  73   2        }
  74   1        if(flag==1&&key1==1)
  75   1        {
  76   2          value=value-50;
  77   2          flag=0;
  78   2        }
  79   1        
  80   1      }
  81          
  82          //PWM波
  83          // void PWM()
  84          // {
  85          //  P2=0;
  86          //  delay(50);//占空比改变方法，改变低电平的延时
  87          //  P2=255;
  88          //  delay(value);
  89          // }
  90          
  91          //三角波
  92          // void stair()
  93          // {
  94          //  int i=0;
  95          //  for(i=0;i<255;i++)
  96          //  {
  97          //    P2=i;
  98          //    delay(1);
  99          //  }
 100          //  for(i=255;i>0;i--)
 101          //  {
 102          //    P2=i;
 103          //    delay(1);
 104          //  }
 105          // }
 106          
 107          
 108          void sinwave()
 109          {
 110   1        uint i=0;
 111   1        for(i=0;i<255;i++)
 112   1        {
 113   2          P2=sin[i];
 114   2          delay(1);//粗略延时，精确的要使用定时器
 115   2        }
 116   1      }
C51 COMPILER V9.59.0.0   PROJECT                                                           04/16/2022 18:55:30 PAGE 3   

 117          
 118          
 119          void main()
 120          {
 121   1        while(1)
 122   1        {
 123   2          // PWM();//占空比可调的类方波（方波占空比各50%）
 124   2          // stair();//三角波
 125   2          sinwave();
 126   2          key();
 127   2        }
 128   1      }


MODULE INFORMATION:   STATIC OVERLAYABLE
   CODE SIZE        =    182    ----
   CONSTANT SIZE    =    512    ----
   XDATA SIZE       =   ----    ----
   PDATA SIZE       =   ----    ----
   DATA SIZE        =      4       2
   IDATA SIZE       =   ----    ----
   BIT SIZE         =   ----    ----
END OF MODULE INFORMATION.


C51 COMPILATION COMPLETE.  0 WARNING(S),  0 ERROR(S)
