C51 COMPILER V9.59.0.0   PROJECT                                                           04/13/2022 22:23:51 PAGE 1   


C51 COMPILER V9.59.0.0, COMPILATION OF MODULE PROJECT
OBJECT MODULE PLACED IN .\Objects\Project.obj
COMPILER INVOKED BY: C:\Program Files\MDK\C51\BIN\C51.EXE Project.c OPTIMIZE(8,SPEED) BROWSE DEBUG OBJECTEXTEND PRINT(.\
                    -Listings\Project.lst) TABS(2) OBJECT(.\Objects\Project.obj)

line level    source

   1          /**
   2          Title:ËÆ°Êï∞Âô®Â∫îÁî®
   3          Authors:DDH-qiu
   4          Date:2022-4-13
   5          Abstract:ËÆ°Êï∞Âô®-Êï∞Á†ÅÁÆ°‰∏âÊ¨°Âä†1
   6          **/
   7          #include"reg51.h"
   8          unsigned char s[]={0x3F,0x06,0x5B,0x4F,0x66,0x6D,0x7D,0x07,0x7F,0x6F,0x77,0x7c,0x39,0x5e,0x79,0x71};//ÊÆµÁ
             -†ÅË°®
   9          unsigned char num;
  10          
  11          void init_counter()
  12          {
  13   1        TMOD=0x06;
  14   1        TH0=256-3;
  15   1        TL0=256-3;
  16   1        ET0=1;
  17   1        EA=1;
  18   1        TR0=1;  
  19   1      }
  20          
  21          void display()
  22          {
  23   1        P2=s[num];
  24   1        if(num==10)
  25   1        {
  26   2          num=0;
  27   2        }
  28   1      }
  29          
  30          void main()
  31          {
  32   1        init_counter();
  33   1        while(1)
  34   1        {
  35   2          display();
  36   2        }
  37   1      }
  38          
  39          void counter_isr() interrupt 1
  40          {
  41   1        num++;
  42   1      }


MODULE INFORMATION:   STATIC OVERLAYABLE
   CODE SIZE        =     44    ----
   CONSTANT SIZE    =   ----    ----
   XDATA SIZE       =   ----    ----
   PDATA SIZE       =   ----    ----
   DATA SIZE        =     17    ----
   IDATA SIZE       =   ----    ----
   BIT SIZE         =   ----    ----
END OF MODULE INFORMATION.

C51 COMPILER V9.59.0.0   PROJECT                                                           04/13/2022 22:23:51 PAGE 2   


C51 COMPILATION COMPLETE.  0 WARNING(S),  0 ERROR(S)
