C51 COMPILER V9.59.0.0   PROJECT                                                           04/12/2022 23:01:39 PAGE 1   


C51 COMPILER V9.59.0.0, COMPILATION OF MODULE PROJECT
OBJECT MODULE PLACED IN .\Objects\Project.obj
COMPILER INVOKED BY: C:\Program Files\MDK\C51\BIN\C51.EXE Project.c OPTIMIZE(8,SPEED) BROWSE DEBUG OBJECTEXTEND PRINT(.\
                    -Listings\Project.lst) TABS(2) OBJECT(.\Objects\Project.obj)

line level    source

   1          /**
   2          Title:独立按键
   3          Authors:DDH-qiu
   4          Date:2022-4-12
   5          Abstract:独立按键控制数码管的变化
   6          **/
   7          #include"reg51.h"
   8          sbit key0=P1^0;
   9          unsigned char num=0;
  10          unsigned char flag=0;
  11          unsigned char s[]={0x3F,0x06,0x5B,0x4F,0x66,0x6D,0x7D,0x07,0x7F,0x6F};
  12          
  13          
  14          //延时子函数ms级别
  15          void delay(unsigned int n)
  16          {
  17   1        unsigned int i=0,j=0;
  18   1        for(i=0;i<n;i++)
  19   1        {
  20   2          for(j=0;j<120;j++);
  21   2        }
  22   1      }
  23          
  24          
  25          //按键子函数
  26          void key()
  27          {
  28   1        //延时消抖
  29   1        // if(key0==0)//检测按键是否按下
  30   1        // {
  31   1        //  delay(500);//按键消抖
  32   1        //  num++;
  33   1        // }
  34   1      
  35   1        //通过标志位flag来判断按键是否按下
  36   1        if(key0==0&&flag==0)//两个判定条件
  37   1        {
  38   2          flag=1;
  39   2        }
  40   1        if(flag==1&&key0==1)
  41   1        {
  42   2          num++;
  43   2          flag=0;//结束时清除flag标志位
  44   2        }
  45   1      }
  46          
  47          
  48          //数码管子函数
  49          void seg()
  50          {
  51   1        P2=s[num];
  52   1        if(num==10)//当num计数到10时清零
  53   1        {
  54   2          num=0;
C51 COMPILER V9.59.0.0   PROJECT                                                           04/12/2022 23:01:39 PAGE 2   

  55   2        }
  56   1        
  57   1      }
  58          
  59          
  60          
  61          void main()
  62          {
  63   1        while(1)
  64   1        {
  65   2          //调用两个函数子程序
  66   2          key();
  67   2          seg();
  68   2        }
  69   1      }
  70          


MODULE INFORMATION:   STATIC OVERLAYABLE
   CODE SIZE        =     81    ----
   CONSTANT SIZE    =   ----    ----
   XDATA SIZE       =   ----    ----
   PDATA SIZE       =   ----    ----
   DATA SIZE        =     12    ----
   IDATA SIZE       =   ----    ----
   BIT SIZE         =   ----    ----
END OF MODULE INFORMATION.


C51 COMPILATION COMPLETE.  0 WARNING(S),  0 ERROR(S)
