C51 COMPILER V9.59.0.0   DELAYMS                                                           03/27/2022 19:54:30 PAGE 1   


C51 COMPILER V9.59.0.0, COMPILATION OF MODULE DELAYMS
OBJECT MODULE PLACED IN .\Objects\Delayms.obj
COMPILER INVOKED BY: C:\Program Files\MDK\C51\BIN\C51.EXE Src\Delayms.c OPTIMIZE(8,SPEED) BROWSE INCDIR(.\Inc) DEBUG OBJ
                    -ECTEXTEND PRINT(.\Listings\Delayms.lst) TABS(2) OBJECT(.\Objects\Delayms.obj)

line level    source

   1          #include"Delayms.h"
   2          #include"intrins.h"
   3          
   4          void Delayms(unsigned char xms)   //@11.0592MHz
   5          {
   6   1        unsigned char i, j;
   7   1        _nop_();
   8   1        _nop_();
   9   1        _nop_();
  10   1        while(xms)
  11   1        {
  12   2          i = 11;
  13   2          j = 190;
  14   2          do
  15   2          {
  16   3            while (--j);
  17   3          } while (--i);
  18   2          xms--;
  19   2        }
  20   1      
  21   1      }
  22          
  23          
  24          
  25          


MODULE INFORMATION:   STATIC OVERLAYABLE
   CODE SIZE        =     18    ----
   CONSTANT SIZE    =   ----    ----
   XDATA SIZE       =   ----    ----
   PDATA SIZE       =   ----    ----
   DATA SIZE        =   ----    ----
   IDATA SIZE       =   ----    ----
   BIT SIZE         =   ----    ----
END OF MODULE INFORMATION.


C51 COMPILATION COMPLETE.  0 WARNING(S),  0 ERROR(S)
