C51 COMPILER V9.59.0.0   MAIN                                                              03/31/2022 22:03:19 PAGE 1   


C51 COMPILER V9.59.0.0, COMPILATION OF MODULE MAIN
OBJECT MODULE PLACED IN .\Objects\main.obj
COMPILER INVOKED BY: C:\Program Files\MDK\C51\BIN\C51.EXE main.c OPTIMIZE(8,SPEED) BROWSE INCDIR(.\Inc) DEBUG OBJECTEXTE
                    -ND PRINT(.\Listings\main.lst) TABS(2) OBJECT(.\Objects\main.obj)

line level    source

   1          #include"regx52.h"
   2          sbit LED0=P2^0;
   3          
   4          
   5          //延时子函数
   6          void delay(unsigned int n)
   7          {
   8   1        unsigned int i=0,j=0;
   9   1        for(i=0;i<n;i++)
  10   1        {
  11   2          for(j=0;j<120;j++);
  12   2        }
  13   1      }
  14          
  15          
  16          //灯的移位子函数
  17          //实现LED灯的移位功能
  18          void led()
  19          {
  20   1        int i=0;
  21   1        for(i=0;i<8;i++)
  22   1        {
  23   2          P1=(0x01<<i);
  24   2          delay(50);
  25   2        }
  26   1      }
  27          
  28          
  29          //主函数
  30          void main()
  31          {
  32   1        while(1)
  33   1        {
  34   2          led();//调用LED灯移位子程序
  35   2        } 
  36   1      }


MODULE INFORMATION:   STATIC OVERLAYABLE
   CODE SIZE        =     74    ----
   CONSTANT SIZE    =   ----    ----
   XDATA SIZE       =   ----    ----
   PDATA SIZE       =   ----    ----
   DATA SIZE        =   ----    ----
   IDATA SIZE       =   ----    ----
   BIT SIZE         =   ----    ----
END OF MODULE INFORMATION.


C51 COMPILATION COMPLETE.  0 WARNING(S),  0 ERROR(S)
