C51 COMPILER V9.59.0.0   PROJECT                                                           04/13/2022 17:58:17 PAGE 1   


C51 COMPILER V9.59.0.0, COMPILATION OF MODULE PROJECT
OBJECT MODULE PLACED IN .\Objects\Project.obj
COMPILER INVOKED BY: C:\Program Files\MDK\C51\BIN\C51.EXE Project.c OPTIMIZE(8,SPEED) BROWSE DEBUG OBJECTEXTEND PRINT(.\
                    -Listings\Project.lst) TABS(2) OBJECT(.\Objects\Project.obj)

line level    source

   1          /**
   2          Title:çŸ©é˜µé”®ç›˜æ§åˆ¶
   3          Authors:DDH-qiu
   4          Date:2022-4-13
   5          Abstract:çŸ©é˜µé”®ç›˜æ§åˆ¶æ•°ç ç®¡
   6          **/
   7          
   8          // H3 H2 H1 H0 L3 L2 L1 L0
   9          //è¡Œæ‰«æå’Œåˆ—æ‰«æ
  10          
  11          
  12          #include"reg51.h"
  13          unsigned char s[]={0x3F,0x06,0x5B,0x4F,0x66,0x6D,0x7D,0x07,0x7F,0x6F,0x77,0x7c,0x39,0x5e,0x79,0x71};//0-fæ
             -®µç è¡¨
  14          unsigned char num=99;
  15          
  16          //å»¶æ—¶å­ç¨‹åº
  17          void delay(unsigned int n)
  18          {
  19   1        unsigned int i=0,j=0;
  20   1        for(i=0;i<n;i++)
  21   1        {
  22   2          for(j=0;j<120;j++);
  23   2        }
  24   1      }
  25          
  26          //æŒ‰é”®æ£€æµ‹
  27          void key_scan()
  28          {
  29   1        unsigned char temp0=0,temp1=0,temp=0;
  30   1        P1=0xf0;
  31   1        if(P1!=0xf0)//æ£€æµ‹æŒ‰é”®æ˜¯å¦è¢«æŒ‰ä¸‹
  32   1        {
  33   2          //è¡Œæ‰«æ
  34   2          delay(20);//å»¶æ—¶æ¶ˆæŠ–
  35   2          temp0=P1;
  36   2          P1=0x0f;
  37   2          if(P1!=0x0f)//æ£€æµ‹æŒ‰é”®
  38   2          {
  39   3            //åˆ—æ‰«æ
  40   3            temp1=P1;
  41   3          }
  42   2        }
  43   1        temp=temp0+temp1;
  44   1        if(temp==0xEE){num=0;}
  45   1        if(temp==0xED){num=1;}
  46   1        if(temp==0xEB){num=2;}
  47   1        if(temp==0xE7){num=3;}
  48   1        if(temp==0xDE){num=4;}
  49   1        if(temp==0xDD){num=5;}
  50   1        if(temp==0xDB){num=6;}
  51   1        if(temp==0xD7){num=7;}
  52   1        if(temp==0xBE){num=8;}
  53   1        if(temp==0xBD){num=9;}
C51 COMPILER V9.59.0.0   PROJECT                                                           04/13/2022 17:58:17 PAGE 2   

  54   1        if(temp==0xBB){num=10;}
  55   1        if(temp==0xB7){num=11;}
  56   1        if(temp==0x7E){num=12;}
  57   1        if(temp==0x7D){num=13;}
  58   1        if(temp==0x7B){num=14;}
  59   1        if(temp==0x77){num=15;}
  60   1      }
  61          
  62          //æ•°ç ç®¡æ˜¾ç¤º
  63          void display()
  64          {
  65   1        P2=s[num];
  66   1      }
  67          
  68          
  69          void main()
  70          {
  71   1        while(1)
  72   1        {
  73   2          key_scan();
  74   2          display();
  75   2        }
  76   1      }


MODULE INFORMATION:   STATIC OVERLAYABLE
   CODE SIZE        =    234    ----
   CONSTANT SIZE    =   ----    ----
   XDATA SIZE       =   ----    ----
   PDATA SIZE       =   ----    ----
   DATA SIZE        =     17       1
   IDATA SIZE       =   ----    ----
   BIT SIZE         =   ----    ----
END OF MODULE INFORMATION.


C51 COMPILATION COMPLETE.  0 WARNING(S),  0 ERROR(S)
