C51 COMPILER V9.59.0.0   PROJECT                                                           04/14/2022 22:11:49 PAGE 1   


C51 COMPILER V9.59.0.0, COMPILATION OF MODULE PROJECT
OBJECT MODULE PLACED IN .\Objects\Project.obj
COMPILER INVOKED BY: C:\Program Files\MDK\C51\BIN\C51.EXE Project.c OPTIMIZE(8,SPEED) BROWSE DEBUG OBJECTEXTEND PRINT(.\
                    -Listings\Project.lst) TABS(2) OBJECT(.\Objects\Project.obj)

line level    source

   1          /**
   2          Title:外部中断
   3          Authors:DDH-qiu
   4          Date:2022-4-14
   5          Abstract:外部中断——数码管
   6          **/
   7          #include"reg51.h"
   8          sbit ex=P3^2;
   9          unsigned char s[]={0x3F,0x06,0x5B,0x4F,0x66,0x6D,0x7D,0x07,0x7F,0x6F,0x77,0x7c,0x39,0x5e,0x79,0x71};//段
             -表
  10          unsigned char num=0;
  11          
  12          //外部中断初始化
  13          void init_tex()
  14          {
  15   1        IT0=1;//下降沿触发，外部中断标志是IE0
  16   1        EX0=1;//外部中断0允许
  17   1        EA=1;//中断总允许
  18   1        ex=1;//先将P3.2拉高,下降沿触发，否则就一直是低电平检测不到下降沿
  19   1      }
  20          
  21          //显示函数
  22          void display()
  23          {
  24   1        P2=s[num];
  25   1        if(num==16)
  26   1        {
  27   2          num=0;
  28   2        }
  29   1      }
  30          
  31          
  32          void main()
  33          {
  34   1        init_tex();
  35   1        while(1)
  36   1        {
  37   2          display();
  38   2        }
  39   1      }
  40          
  41          //中断服务子程序
  42          void ex_isr() interrupt 0
  43          {
  44   1        num++;//当按键按下的时候num加1，数码管段码表加1
  45   1      }


MODULE INFORMATION:   STATIC OVERLAYABLE
   CODE SIZE        =     37    ----
   CONSTANT SIZE    =   ----    ----
   XDATA SIZE       =   ----    ----
   PDATA SIZE       =   ----    ----
   DATA SIZE        =     17    ----
C51 COMPILER V9.59.0.0   PROJECT                                                           04/14/2022 22:11:49 PAGE 2   

   IDATA SIZE       =   ----    ----
   BIT SIZE         =   ----    ----
END OF MODULE INFORMATION.


C51 COMPILATION COMPLETE.  0 WARNING(S),  0 ERROR(S)
