C51 COMPILER V9.59.0.0   PROJECT                                                           04/16/2022 15:07:16 PAGE 1   


C51 COMPILER V9.59.0.0, COMPILATION OF MODULE PROJECT
OBJECT MODULE PLACED IN .\Objects\Project.obj
COMPILER INVOKED BY: C:\Program Files\MDK\C51\BIN\C51.EXE Project.c OPTIMIZE(8,SPEED) BROWSE DEBUG OBJECTEXTEND PRINT(.\
                    -Listings\Project.lst) TABS(2) OBJECT(.\Objects\Project.obj)

line level    source

   1          /**
   2          Title:LED点阵屏
   3          Authors:DDH-qiu
   4          Date:2022-
   5          Abstract:
   6          **/
   7          #include"reg51.h"
   8          unsigned char tab[]={
   9            0x00,0x7e,0xff,0xc3,0xc3,0xff,0x7e,0x00,
  10            0x00,0x00,0x43,0xff,0xff,0x03,0x00,0x00,
  11            0x00,0x63,0xc7,0xcf,0xdb,0xf3,0x63,0x00,
  12            0x00,0x42,0xdb,0xdb,0xdb,0xff,0x66,0x00,
  13            0x00,0x3e,0x46,0xff,0xff,0x06,0x06,0x00,
  14            0x00,0xf6,0xf7,0xd3,0xd3,0xdf,0xde,0x00,
  15            0x00,0x7e,0xef,0xdb,0xdb,0xdf,0x4e,0x00,
  16            0x00,0xc0,0xc0,0xc7,0xff,0xf8,0xc0,0x00,
  17            0x00,0xff,0xff,0xdb,0xdb,0xff,0xff,0x00,
  18            0x00,0x72,0xfb,0xdb,0xdb,0xff,0x7e,0x00};
  19          unsigned char row[]={0x01,0x02,0x04,0x08,0x10,0x20,0x40,0x80};
  20          sbit key0=P1^0;
  21          unsigned char num,flag;
  22          
  23          void key()
  24          {
  25   1        if(flag==0&&key0==0)
  26   1        {
  27   2          flag=1;
  28   2        }
  29   1        if(flag==1&&key0==1)
  30   1        {
  31   2          num++;
  32   2          flag=0;
  33   2        }
  34   1        if(num==10)
  35   1        {
  36   2          num=0;
  37   2        }
  38   1      }
  39          
  40          //点阵函数
  41          void matrix()
  42          {
  43   1        int i=0;
  44   1        // for(i=0;i<8;i++)
  45   1        // {
  46   1        //  P2=~row[i];
  47   1        //  P3=tab[i];
  48   1        // }
  49   1        for(i=8*num;i<8*(num+1);i++)
  50   1        {
  51   2          P2=~row[i-8*num];
  52   2          P3=tab[i];
  53   2        }
  54   1      
C51 COMPILER V9.59.0.0   PROJECT                                                           04/16/2022 15:07:16 PAGE 2   

  55   1      }
  56          
  57          void main()
  58          {
  59   1        while(1)
  60   1        {
  61   2          matrix();
  62   2          key();
  63   2        }
  64   1      }


MODULE INFORMATION:   STATIC OVERLAYABLE
   CODE SIZE        =    114    ----
   CONSTANT SIZE    =   ----    ----
   XDATA SIZE       =   ----    ----
   PDATA SIZE       =   ----    ----
   DATA SIZE        =     90    ----
   IDATA SIZE       =   ----    ----
   BIT SIZE         =   ----    ----
END OF MODULE INFORMATION.


C51 COMPILATION COMPLETE.  0 WARNING(S),  0 ERROR(S)
