C51 COMPILER V9.00   LCD1602                                                               07/20/2020 11:20:31 PAGE 1   


C51 COMPILER V9.00, COMPILATION OF MODULE LCD1602
OBJECT MODULE PLACED IN lcd1602.OBJ
COMPILER INVOKED BY: E:\keil\C51\BIN\C51.EXE lcd1602.c BROWSE DEBUG OBJECTEXTEND TABS(2)

line level    source

   1          #include"lcd1602.h"
   2          
   3          void delay(unsigned int t)
   4          {
   5   1        unsigned int i=0,j=0;
   6   1        for(i=0;i<t;i++)
   7   1        {
   8   2          for(j=0;j<120;j++);
   9   2        }
  10   1      }
  11          
  12          void writedat(unsigned char dat)
  13          {
  14   1        RS=1;
  15   1        RW=0;
  16   1        E=0;
  17   1        E=1;
  18   1        P2=dat;
  19   1        delay(5);
  20   1        E=0;
  21   1      }
  22          
  23          void writecom(unsigned char com)
  24          {
  25   1        RS=0;
  26   1        RW=0;
  27   1        E=0;
  28   1        E=1;
  29   1        P2=com;
  30   1        delay(5);
  31   1        E=0;
  32   1      }
  33            
  34          void initlcd()
  35          {
  36   1        writecom(0x38);
  37   1        writecom(0x0c);
  38   1        writecom(0x06);
  39   1        writecom(0x01);
  40   1      }


MODULE INFORMATION:   STATIC OVERLAYABLE
   CODE SIZE        =     80    ----
   CONSTANT SIZE    =   ----    ----
   XDATA SIZE       =   ----    ----
   PDATA SIZE       =   ----    ----
   DATA SIZE        =   ----    ----
   IDATA SIZE       =   ----    ----
   BIT SIZE         =   ----    ----
END OF MODULE INFORMATION.


C51 COMPILATION COMPLETE.  0 WARNING(S),  0 ERROR(S)
