C51 COMPILER V9.00   SEND                                                                  07/20/2020 11:20:31 PAGE 1   


C51 COMPILER V9.00, COMPILATION OF MODULE SEND
OBJECT MODULE PLACED IN send.OBJ
COMPILER INVOKED BY: E:\keil\C51\BIN\C51.EXE send.c BROWSE DEBUG OBJECTEXTEND TABS(2)

line level    source

   1          #include"reg51.h"
   2          #include"lcd1602.h"
   3          unsigned char flag=3,count=0,lenth=12,flagready=0;
   4          unsigned char recdat[12]={0};
   5          unsigned char str[]={"0123456789"};
   6          unsigned char str1[]={"Ready!    "};
   7          unsigned char str2[]={"Not Ready!"};
   8          
   9          void initscon()
  10          {
  11   1        SCON=0x50; //0101 0000
  12   1        TMOD=0x20; //0010 0000
  13   1        TH1=256-3;
  14   1        TL1=256-3;
  15   1        ES=1;
  16   1        EA=1;
  17   1        TR1=1;
  18   1      }
  19          
  20          void initex0()
  21          {
  22   1        IE0=1;
  23   1        EX0=1;
  24   1      }
  25            
  26          void senddat_function()
  27          {
  28   1        unsigned char i=0;
  29   1        if(flag==1)
  30   1        {
  31   2          for(i=0;i<lenth;i++)
  32   2          {
  33   3            SBUF=recdat[i];
  34   3            while(!TI);
  35   3            TI=0;
  36   3          }
  37   2          flag=2;
  38   2        }
  39   1        if(flag==2)
  40   1        {
  41   2          for(i=0;i<lenth;i++)
  42   2          {
  43   3            recdat[i]=0x00;
  44   3          }
  45   2          count=0;
  46   2          flag=3;
  47   2          flagready=0;
  48   2        }
  49   1      }
  50          
  51          void display()
  52          {
  53   1        unsigned char i=0,j=0,k=0;
  54   1        if(flag==3)
  55   1        {
C51 COMPILER V9.00   SEND                                                                  07/20/2020 11:20:31 PAGE 2   

  56   2          writecom(0x80);
  57   2          delay(1);
  58   2          for(i=0;i<lenth;i++)
  59   2          {
  60   3            writedat(recdat[i]);
  61   3            delay(1);
  62   3          }
  63   2          writecom(0x80+0x40);
  64   2          delay(1);
  65   2          if(flagready==0||count!=0)
  66   2          {
  67   3            while(str2[j]!='\0')
  68   3            {
  69   4              writedat(str2[j]);
  70   4              delay(1);
  71   4              j++;
  72   4            }
  73   3          }
  74   2          else if(flagready==1&&count==0)
  75   2          {
  76   3            while(str1[k]!='\0')
  77   3            {
  78   4              writedat(str1[k]);
  79   4              delay(1);
  80   4              k++;
  81   4            }
  82   3          }
  83   2        }
  84   1      }
  85            
  86          void main()
  87          {
  88   1        initscon();
  89   1        initex0();
  90   1        initlcd();
  91   1        while(1)
  92   1        {
  93   2          senddat_function();
  94   2          display();
  95   2        }
  96   1      }
  97          
  98          void ex0_isr() interrupt 0
  99          {
 100   1        flag=1;
 101   1      }
 102            
 103          void scon_isr() interrupt 4
 104          {
 105   1        recdat[count++]=SBUF;
 106   1        RI=0;
 107   1        flag=3;
 108   1        if(count==lenth)
 109   1        {
 110   2          count=0;
 111   2          flagready=1;
 112   2        }
 113   1      }


MODULE INFORMATION:   STATIC OVERLAYABLE
   CODE SIZE        =    285    ----
C51 COMPILER V9.00   SEND                                                                  07/20/2020 11:20:31 PAGE 3   

   CONSTANT SIZE    =   ----    ----
   XDATA SIZE       =   ----    ----
   PDATA SIZE       =   ----    ----
   DATA SIZE        =     49       3
   IDATA SIZE       =   ----    ----
   BIT SIZE         =   ----    ----
END OF MODULE INFORMATION.


C51 COMPILATION COMPLETE.  0 WARNING(S),  0 ERROR(S)
